[2024-10-17 20:21:53.653] {"creator":"ee88153b-92a5-473f-b818-a4ca0cf75c18","shop":{"world":"world","position":{"x":17928,"y":63,"z":5139,"world":"world"},"moderator":"{\"owner\":\"ee88153b-92a5-473f-b818-a4ca0cf75c18\",\"staffs\":[]}","price":20.0,"item":"item:\n  ==: org.bukkit.inventory.ItemStack\n  v: 3955\n  type: GOLDEN_APPLE\n","unlimited":0,"shopType":0,"extra":"QuickShop: {}\n","currency":null,"disableDisplay":false,"taxAccount":"2c5f00ba-902c-411b-b9b9-9261cf43aee1"},"location":{"x":17928,"y":63,"z":5139,"world":"world"}}
[2024-10-17 20:25:03.107] {"beforeTrading":true,"player":"9616b630-9c1e-435f-b472-290cab640f1c","holding":1544.130000000001}
[2024-10-17 20:25:03.107] {"beforeTrading":true,"player":"ee88153b-92a5-473f-b818-a4ca0cf75c18","holding":88.37429999999995}
[2024-10-17 20:25:03.128] {"shop":{"world":"world","position":{"x":17928,"y":63,"z":5139,"world":"world"},"moderator":"{\"owner\":\"ee88153b-92a5-473f-b818-a4ca0cf75c18\",\"staffs\":[]}","price":20.0,"item":"item:\n  ==: org.bukkit.inventory.ItemStack\n  v: 3955\n  type: GOLDEN_APPLE\n","unlimited":0,"shopType":0,"extra":"QuickShop: {}\n","currency":null,"disableDisplay":false,"taxAccount":"2c5f00ba-902c-411b-b9b9-9261cf43aee1"},"type":"SELLING","trader":"9616b630-9c1e-435f-b472-290cab640f1c","itemName":"Golden Apple","itemStack":"item:\n  ==: org.bukkit.inventory.ItemStack\n  v: 3955\n  type: GOLDEN_APPLE\n","amount":64,"balance":1280.0,"tax":0.0}
[2024-10-17 20:25:03.128] {"beforeTrading":false,"player":"9616b630-9c1e-435f-b472-290cab640f1c","holding":264.130000000001}
[2024-10-17 20:25:03.128] {"beforeTrading":false,"player":"ee88153b-92a5-473f-b818-a4ca0cf75c18","holding":1368.3743}
[2024-10-17 20:34:25.306] {"creator":"05c4104b-4417-49fe-89b7-3ffde2188fef","shop":{"world":"world","position":{"x":17930,"y":63,"z":5140,"world":"world"},"moderator":"{\"owner\":\"05c4104b-4417-49fe-89b7-3ffde2188fef\",\"staffs\":[]}","price":5.0,"item":"item:\n  ==: org.bukkit.inventory.ItemStack\n  v: 3955\n  type: MELON_SLICE\n","unlimited":0,"shopType":0,"extra":"QuickShop: {}\n","currency":null,"disableDisplay":false,"taxAccount":"2c5f00ba-902c-411b-b9b9-9261cf43aee1"},"location":{"x":17930,"y":63,"z":5140,"world":"world"}}
[2024-10-17 20:37:14.054] {"player":"ee88153b-92a5-473f-b818-a4ca0cf75c18","reason":"/qs silentremove command","shop":{"world":"world","position":{"x":17928,"y":63,"z":5139,"world":"world"},"moderator":"{\"owner\":\"ee88153b-92a5-473f-b818-a4ca0cf75c18\",\"staffs\":[]}","price":20.0,"item":"item:\n  ==: org.bukkit.inventory.ItemStack\n  v: 3955\n  type: GOLDEN_APPLE\n","unlimited":0,"shopType":0,"extra":"QuickShop: {}\n","currency":null,"disableDisplay":false,"taxAccount":"2c5f00ba-902c-411b-b9b9-9261cf43aee1"}}
[2024-10-17 20:37:14.054] {"player":"00000000-0000-0000-0000-000000000000","reason":"Shop removed","shop":{"world":"world","position":{"x":17928,"y":63,"z":5139,"world":"world"},"moderator":"{\"owner\":\"ee88153b-92a5-473f-b818-a4ca0cf75c18\",\"staffs\":[]}","price":20.0,"item":"item:\n  ==: org.bukkit.inventory.ItemStack\n  v: 3955\n  type: GOLDEN_APPLE\n","unlimited":0,"shopType":0,"extra":"QuickShop: {}\n","currency":null,"disableDisplay":false,"taxAccount":"2c5f00ba-902c-411b-b9b9-9261cf43aee1"}}
[2024-10-17 20:37:31.109] {"creator":"ee88153b-92a5-473f-b818-a4ca0cf75c18","shop":{"world":"world","position":{"x":17926,"y":63,"z":5139,"world":"world"},"moderator":"{\"owner\":\"ee88153b-92a5-473f-b818-a4ca0cf75c18\",\"staffs\":[]}","price":5.0,"item":"item:\n  ==: org.bukkit.inventory.ItemStack\n  v: 3955\n  type: COOKED_BEEF\n","unlimited":0,"shopType":0,"extra":"QuickShop: {}\n","currency":null,"disableDisplay":false,"taxAccount":"2c5f00ba-902c-411b-b9b9-9261cf43aee1"},"location":{"x":17926,"y":63,"z":5139,"world":"world"}}
[2024-10-17 20:37:33.688] {"player":"05c4104b-4417-49fe-89b7-3ffde2188fef","reason":"/qs silentremove command","shop":{"world":"world","position":{"x":17930,"y":63,"z":5140,"world":"world"},"moderator":"{\"owner\":\"05c4104b-4417-49fe-89b7-3ffde2188fef\",\"staffs\":[]}","price":5.0,"item":"item:\n  ==: org.bukkit.inventory.ItemStack\n  v: 3955\n  type: MELON_SLICE\n","unlimited":0,"shopType":0,"extra":"QuickShop: {}\n","currency":null,"disableDisplay":false,"taxAccount":"2c5f00ba-902c-411b-b9b9-9261cf43aee1"}}
[2024-10-17 20:37:33.688] {"player":"00000000-0000-0000-0000-000000000000","reason":"Shop removed","shop":{"world":"world","position":{"x":17930,"y":63,"z":5140,"world":"world"},"moderator":"{\"owner\":\"05c4104b-4417-49fe-89b7-3ffde2188fef\",\"staffs\":[]}","price":5.0,"item":"item:\n  ==: org.bukkit.inventory.ItemStack\n  v: 3955\n  type: MELON_SLICE\n","unlimited":0,"shopType":0,"extra":"QuickShop: {}\n","currency":null,"disableDisplay":false,"taxAccount":"2c5f00ba-902c-411b-b9b9-9261cf43aee1"}}
[2024-10-17 20:37:52.406] {"creator":"05c4104b-4417-49fe-89b7-3ffde2188fef","shop":{"world":"world","position":{"x":17930,"y":63,"z":5139,"world":"world"},"moderator":"{\"owner\":\"05c4104b-4417-49fe-89b7-3ffde2188fef\",\"staffs\":[]}","price":5.0,"item":"item:\n  ==: org.bukkit.inventory.ItemStack\n  v: 3955\n  type: MELON_SLICE\n","unlimited":0,"shopType":0,"extra":"QuickShop: {}\n","currency":null,"disableDisplay":false,"taxAccount":"2c5f00ba-902c-411b-b9b9-9261cf43aee1"},"location":{"x":17930,"y":63,"z":5139,"world":"world"}}
[2024-10-18 00:10:29.578] {"creator":"ffe41a19-7ea9-4939-a28b-934a1452dbbe","shop":{"world":"world","position":{"x":7574,"y":64,"z":9873,"world":"world"},"moderator":"{\"owner\":\"ffe41a19-7ea9-4939-a28b-934a1452dbbe\",\"staffs\":[]}","price":1.0,"item":"item:\n  ==: org.bukkit.inventory.ItemStack\n  v: 3955\n  type: SUGAR_CANE\n","unlimited":0,"shopType":0,"extra":"QuickShop: {}\n","currency":null,"disableDisplay":false,"taxAccount":"2c5f00ba-902c-411b-b9b9-9261cf43aee1"},"location":{"x":7574,"y":64,"z":9873,"world":"world"}}
[2024-10-18 00:10:29.591] {"success":false,"from":"ffe41a19-7ea9-4939-a28b-934a1452dbbe","to":null,"currency":null,"tax":0.0,"taxAccount":"2c5f00ba-902c-411b-b9b9-9261cf43aee1","amount":10.0,"lastError":"From hadn't enough money"}
[2024-10-18 00:11:25.476] {"creator":"ffe41a19-7ea9-4939-a28b-934a1452dbbe","shop":{"world":"world","position":{"x":7574,"y":64,"z":9873,"world":"world"},"moderator":"{\"owner\":\"ffe41a19-7ea9-4939-a28b-934a1452dbbe\",\"staffs\":[]}","price":1.0,"item":"item:\n  ==: org.bukkit.inventory.ItemStack\n  v: 3955\n  type: SUGAR_CANE\n","unlimited":0,"shopType":0,"extra":"QuickShop: {}\n","currency":null,"disableDisplay":false,"taxAccount":"2c5f00ba-902c-411b-b9b9-9261cf43aee1"},"location":{"x":7574,"y":64,"z":9873,"world":"world"}}
[2024-10-18 04:04:44.266] {"beforeTrading":true,"player":"7c6fecf3-9c0f-4ac0-b8ed-0aa966b80924","holding":3557.0}
[2024-10-18 04:04:44.267] {"beforeTrading":true,"player":"ffe41a19-7ea9-4939-a28b-934a1452dbbe","holding":0.008100000000013097}
[2024-10-18 04:04:44.287] {"shop":{"world":"world","position":{"x":7574,"y":64,"z":9873,"world":"world"},"moderator":"{\"owner\":\"ffe41a19-7ea9-4939-a28b-934a1452dbbe\",\"staffs\":[]}","price":1.0,"item":"item:\n  ==: org.bukkit.inventory.ItemStack\n  v: 3955\n  type: SUGAR_CANE\n","unlimited":0,"shopType":0,"extra":"QuickShop: {}\n","currency":null,"disableDisplay":false,"taxAccount":"2c5f00ba-902c-411b-b9b9-9261cf43aee1"},"type":"SELLING","trader":"7c6fecf3-9c0f-4ac0-b8ed-0aa966b80924","itemName":"Sugar Cane","itemStack":"item:\n  ==: org.bukkit.inventory.ItemStack\n  v: 3955\n  type: SUGAR_CANE\n","amount":32,"balance":30.4,"tax":0.05}
[2024-10-18 04:04:44.287] {"beforeTrading":false,"player":"7c6fecf3-9c0f-4ac0-b8ed-0aa966b80924","holding":3525.0}
[2024-10-18 04:04:44.288] {"beforeTrading":false,"player":"ffe41a19-7ea9-4939-a28b-934a1452dbbe","holding":30.40810000000001}
[2024-10-18 07:04:41.567] {"beforeTrading":true,"player":"401d9021-8274-44e2-80fd-3176c8b066dc","holding":15.94259999999963}
[2024-10-18 07:04:41.567] {"beforeTrading":true,"player":"ee88153b-92a5-473f-b818-a4ca0cf75c18","holding":4243.444539988694}
[2024-10-18 07:04:41.579] {"shop":{"world":"world","position":{"x":17926,"y":63,"z":5139,"world":"world"},"moderator":"{\"owner\":\"ee88153b-92a5-473f-b818-a4ca0cf75c18\",\"staffs\":[]}","price":5.0,"item":"item:\n  ==: org.bukkit.inventory.ItemStack\n  v: 3955\n  type: COOKED_BEEF\n","unlimited":0,"shopType":0,"extra":"QuickShop: {}\n","currency":null,"disableDisplay":false,"taxAccount":"2c5f00ba-902c-411b-b9b9-9261cf43aee1"},"type":"SELLING","trader":"401d9021-8274-44e2-80fd-3176c8b066dc","itemName":"Cooked Beef","itemStack":"item:\n  ==: org.bukkit.inventory.ItemStack\n  v: 3955\n  type: COOKED_BEEF\n","amount":1,"balance":4.75,"tax":0.05}
[2024-10-18 07:04:41.579] {"beforeTrading":false,"player":"401d9021-8274-44e2-80fd-3176c8b066dc","holding":10.94259999999963}
[2024-10-18 07:04:41.579] {"beforeTrading":false,"player":"ee88153b-92a5-473f-b818-a4ca0cf75c18","holding":4248.194539988694}
[2024-10-18 08:21:09.117] {"creator":"ffe41a19-7ea9-4939-a28b-934a1452dbbe","shop":{"world":"world","position":{"x":7575,"y":63,"z":9870,"world":"world"},"moderator":"{\"owner\":\"ffe41a19-7ea9-4939-a28b-934a1452dbbe\",\"staffs\":[]}","price":1.2,"item":"item:\n  ==: org.bukkit.inventory.ItemStack\n  v: 3955\n  type: COD\n","unlimited":0,"shopType":0,"extra":"QuickShop: {}\n","currency":null,"disableDisplay":false,"taxAccount":"2c5f00ba-902c-411b-b9b9-9261cf43aee1"},"location":{"x":7575,"y":63,"z":9870,"world":"world"}}
[2024-10-18 08:21:09.117] {"success":false,"from":"ffe41a19-7ea9-4939-a28b-934a1452dbbe","to":null,"currency":null,"tax":0.0,"taxAccount":"2c5f00ba-902c-411b-b9b9-9261cf43aee1","amount":10.0,"lastError":"From hadn't enough money"}
[2024-10-18 08:21:40.918] {"creator":"ffe41a19-7ea9-4939-a28b-934a1452dbbe","shop":{"world":"world","position":{"x":7575,"y":63,"z":9870,"world":"world"},"moderator":"{\"owner\":\"ffe41a19-7ea9-4939-a28b-934a1452dbbe\",\"staffs\":[]}","price":1.2,"item":"item:\n  ==: org.bukkit.inventory.ItemStack\n  v: 3955\n  type: COD\n","unlimited":0,"shopType":0,"extra":"QuickShop: {}\n","currency":null,"disableDisplay":false,"taxAccount":"2c5f00ba-902c-411b-b9b9-9261cf43aee1"},"location":{"x":7575,"y":63,"z":9870,"world":"world"}}
[2024-10-18 08:44:32.869] {"creator":"ee88153b-92a5-473f-b818-a4ca0cf75c18","shop":{"world":"world","position":{"x":17928,"y":63,"z":5138,"world":"world"},"moderator":"{\"owner\":\"ee88153b-92a5-473f-b818-a4ca0cf75c18\",\"staffs\":[]}","price":50.0,"item":"item:\n  ==: org.bukkit.inventory.ItemStack\n  v: 3955\n  type: GOLDEN_APPLE\n","unlimited":0,"shopType":0,"extra":"QuickShop: {}\n","currency":null,"disableDisplay":false,"taxAccount":"2c5f00ba-902c-411b-b9b9-9261cf43aee1"},"location":{"x":17928,"y":63,"z":5138,"world":"world"}}
[2024-10-18 08:53:16.267] {"creator":"ee88153b-92a5-473f-b818-a4ca0cf75c18","shop":{"world":"world","position":{"x":17925,"y":63,"z":5141,"world":"world"},"moderator":"{\"owner\":\"ee88153b-92a5-473f-b818-a4ca0cf75c18\",\"staffs\":[]}","price":20.0,"item":"item:\n  ==: org.bukkit.inventory.ItemStack\n  v: 3955\n  type: EXPERIENCE_BOTTLE\n","unlimited":0,"shopType":0,"extra":"QuickShop: {}\n","currency":null,"disableDisplay":false,"taxAccount":"2c5f00ba-902c-411b-b9b9-9261cf43aee1"},"location":{"x":17925,"y":63,"z":5141,"world":"world"}}
[2024-10-18 08:59:42.569] {"creator":"05c4104b-4417-49fe-89b7-3ffde2188fef","shop":{"world":"world","position":{"x":17931,"y":63,"z":5141,"world":"world"},"moderator":"{\"owner\":\"05c4104b-4417-49fe-89b7-3ffde2188fef\",\"staffs\":[]}","price":3.0,"item":"item:\n  ==: org.bukkit.inventory.ItemStack\n  v: 3955\n  type: SWEET_BERRIES\n","unlimited":0,"shopType":0,"extra":"QuickShop: {}\n","currency":null,"disableDisplay":false,"taxAccount":"2c5f00ba-902c-411b-b9b9-9261cf43aee1"},"location":{"x":17931,"y":63,"z":5141,"world":"world"}}
[2024-10-18 17:36:50.664] {"beforeTrading":true,"player":"e064efdc-5f28-4b55-85b3-f23690a13f5e","holding":589.243021151362}
[2024-10-18 17:36:50.664] {"beforeTrading":true,"player":"ffe41a19-7ea9-4939-a28b-934a1452dbbe","holding":0.6847000000001344}
[2024-10-18 17:36:50.675] {"shop":{"world":"world","position":{"x":7575,"y":63,"z":9870,"world":"world"},"moderator":"{\"owner\":\"ffe41a19-7ea9-4939-a28b-934a1452dbbe\",\"staffs\":[]}","price":1.2,"item":"item:\n  ==: org.bukkit.inventory.ItemStack\n  v: 3955\n  type: COD\n","unlimited":0,"shopType":0,"extra":"QuickShop: {}\n","currency":null,"disableDisplay":false,"taxAccount":"2c5f00ba-902c-411b-b9b9-9261cf43aee1"},"type":"SELLING","trader":"e064efdc-5f28-4b55-85b3-f23690a13f5e","itemName":"Cod","itemStack":"item:\n  ==: org.bukkit.inventory.ItemStack\n  v: 3955\n  type: COD\n","amount":20,"balance":22.799999999999997,"tax":0.05}
[2024-10-18 17:36:50.675] {"beforeTrading":false,"player":"e064efdc-5f28-4b55-85b3-f23690a13f5e","holding":565.243021151362}
[2024-10-18 17:36:50.675] {"beforeTrading":false,"player":"ffe41a19-7ea9-4939-a28b-934a1452dbbe","holding":23.484700000000135}
[2024-10-18 18:02:22.614] {"beforeTrading":true,"player":"ad6ba926-d387-4aec-a3b7-70eecd7137d2","holding":670.5999188627678}
[2024-10-18 18:02:22.614] {"beforeTrading":true,"player":"ee88153b-92a5-473f-b818-a4ca0cf75c18","holding":11120.420922443802}
[2024-10-18 18:02:22.626] {"shop":{"world":"world","position":{"x":17926,"y":63,"z":5139,"world":"world"},"moderator":"{\"owner\":\"ee88153b-92a5-473f-b818-a4ca0cf75c18\",\"staffs\":[]}","price":5.0,"item":"item:\n  ==: org.bukkit.inventory.ItemStack\n  v: 3955\n  type: COOKED_BEEF\n","unlimited":0,"shopType":0,"extra":"QuickShop: {}\n","currency":null,"disableDisplay":false,"taxAccount":"2c5f00ba-902c-411b-b9b9-9261cf43aee1"},"type":"SELLING","trader":"ad6ba926-d387-4aec-a3b7-70eecd7137d2","itemName":"Cooked Beef","itemStack":"item:\n  ==: org.bukkit.inventory.ItemStack\n  v: 3955\n  type: COOKED_BEEF\n","amount":20,"balance":95.0,"tax":0.05}
[2024-10-18 18:02:22.626] {"beforeTrading":false,"player":"ad6ba926-d387-4aec-a3b7-70eecd7137d2","holding":570.5999188627678}
[2024-10-18 18:02:22.626] {"beforeTrading":false,"player":"ee88153b-92a5-473f-b818-a4ca0cf75c18","holding":11215.420922443802}
[2024-10-18 19:08:50.264] {"beforeTrading":true,"player":"401d9021-8274-44e2-80fd-3176c8b066dc","holding":74.63369999999964}
[2024-10-18 19:08:50.264] {"beforeTrading":true,"player":"ee88153b-92a5-473f-b818-a4ca0cf75c18","holding":19004.918322443802}
[2024-10-18 19:08:50.275] {"shop":{"world":"world","position":{"x":17926,"y":63,"z":5139,"world":"world"},"moderator":"{\"owner\":\"ee88153b-92a5-473f-b818-a4ca0cf75c18\",\"staffs\":[]}","price":5.0,"item":"item:\n  ==: org.bukkit.inventory.ItemStack\n  v: 3955\n  type: COOKED_BEEF\n","unlimited":0,"shopType":0,"extra":"QuickShop: {}\n","currency":null,"disableDisplay":false,"taxAccount":"2c5f00ba-902c-411b-b9b9-9261cf43aee1"},"type":"SELLING","trader":"401d9021-8274-44e2-80fd-3176c8b066dc","itemName":"Cooked Beef","itemStack":"item:\n  ==: org.bukkit.inventory.ItemStack\n  v: 3955\n  type: COOKED_BEEF\n","amount":14,"balance":66.5,"tax":0.05}
[2024-10-18 19:08:50.275] {"beforeTrading":false,"player":"401d9021-8274-44e2-80fd-3176c8b066dc","holding":4.633699999999635}
[2024-10-18 19:08:50.275] {"beforeTrading":false,"player":"ee88153b-92a5-473f-b818-a4ca0cf75c18","holding":19071.418322443802}
[2024-10-18 20:03:31.967] {"creator":"ffe41a19-7ea9-4939-a28b-934a1452dbbe","shop":{"world":"world","position":{"x":7575,"y":63,"z":9873,"world":"world"},"moderator":"{\"owner\":\"ffe41a19-7ea9-4939-a28b-934a1452dbbe\",\"staffs\":[]}","price":2.0,"item":"item:\n  ==: org.bukkit.inventory.ItemStack\n  v: 3955\n  type: MILK_BUCKET\n","unlimited":0,"shopType":0,"extra":"QuickShop: {}\n","currency":null,"disableDisplay":false,"taxAccount":"2c5f00ba-902c-411b-b9b9-9261cf43aee1"},"location":{"x":7575,"y":63,"z":9873,"world":"world"}}
[2024-10-19 02:30:24.861] {"creator":"ffe41a19-7ea9-4939-a28b-934a1452dbbe","shop":{"world":"world","position":{"x":7575,"y":63,"z":9874,"world":"world"},"moderator":"{\"owner\":\"ffe41a19-7ea9-4939-a28b-934a1452dbbe\",\"staffs\":[]}","price":1.0,"item":"item:\n  ==: org.bukkit.inventory.ItemStack\n  v: 3955\n  type: WHEAT\n","unlimited":0,"shopType":0,"extra":"QuickShop: {}\n","currency":null,"disableDisplay":false,"taxAccount":"2c5f00ba-902c-411b-b9b9-9261cf43aee1"},"location":{"x":7575,"y":63,"z":9874,"world":"world"}}
[2024-10-19 02:30:40.383] {"player":"ffe41a19-7ea9-4939-a28b-934a1452dbbe","reason":"BlockBreak(player)","shop":{"world":"world","position":{"x":7575,"y":63,"z":9874,"world":"world"},"moderator":"{\"owner\":\"ffe41a19-7ea9-4939-a28b-934a1452dbbe\",\"staffs\":[]}","price":1.0,"item":"item:\n  ==: org.bukkit.inventory.ItemStack\n  v: 3955\n  type: WHEAT\n","unlimited":0,"shopType":0,"extra":"QuickShop: {}\n","currency":null,"disableDisplay":false,"taxAccount":"2c5f00ba-902c-411b-b9b9-9261cf43aee1"}}
[2024-10-19 02:30:40.384] {"player":"00000000-0000-0000-0000-000000000000","reason":"Shop removed","shop":{"world":"world","position":{"x":7575,"y":63,"z":9874,"world":"world"},"moderator":"{\"owner\":\"ffe41a19-7ea9-4939-a28b-934a1452dbbe\",\"staffs\":[]}","price":1.0,"item":"item:\n  ==: org.bukkit.inventory.ItemStack\n  v: 3955\n  type: WHEAT\n","unlimited":0,"shopType":0,"extra":"QuickShop: {}\n","currency":null,"disableDisplay":false,"taxAccount":"2c5f00ba-902c-411b-b9b9-9261cf43aee1"}}
[2024-10-19 02:32:03.387] {"player":"ffe41a19-7ea9-4939-a28b-934a1452dbbe","reason":"/qs silentremove command","shop":{"world":"world","position":{"x":7575,"y":63,"z":9873,"world":"world"},"moderator":"{\"owner\":\"ffe41a19-7ea9-4939-a28b-934a1452dbbe\",\"staffs\":[]}","price":2.0,"item":"item:\n  ==: org.bukkit.inventory.ItemStack\n  v: 3955\n  type: MILK_BUCKET\n","unlimited":0,"shopType":0,"extra":"QuickShop: {}\n","currency":null,"disableDisplay":false,"taxAccount":"2c5f00ba-902c-411b-b9b9-9261cf43aee1"}}
[2024-10-19 02:32:03.388] {"player":"00000000-0000-0000-0000-000000000000","reason":"Shop removed","shop":{"world":"world","position":{"x":7575,"y":63,"z":9873,"world":"world"},"moderator":"{\"owner\":\"ffe41a19-7ea9-4939-a28b-934a1452dbbe\",\"staffs\":[]}","price":2.0,"item":"item:\n  ==: org.bukkit.inventory.ItemStack\n  v: 3955\n  type: MILK_BUCKET\n","unlimited":0,"shopType":0,"extra":"QuickShop: {}\n","currency":null,"disableDisplay":false,"taxAccount":"2c5f00ba-902c-411b-b9b9-9261cf43aee1"}}
[2024-10-19 02:32:19.803] {"creator":"ffe41a19-7ea9-4939-a28b-934a1452dbbe","shop":{"world":"world","position":{"x":7575,"y":63,"z":9874,"world":"world"},"moderator":"{\"owner\":\"ffe41a19-7ea9-4939-a28b-934a1452dbbe\",\"staffs\":[]}","price":4.0,"item":"item:\n  ==: org.bukkit.inventory.ItemStack\n  v: 3955\n  type: MILK_BUCKET\n","unlimited":0,"shopType":0,"extra":"QuickShop: {}\n","currency":null,"disableDisplay":false,"taxAccount":"2c5f00ba-902c-411b-b9b9-9261cf43aee1"},"location":{"x":7575,"y":63,"z":9874,"world":"world"}}
[2024-10-19 02:32:44.402] {"creator":"ffe41a19-7ea9-4939-a28b-934a1452dbbe","shop":{"world":"world","position":{"x":7574,"y":65,"z":9871,"world":"world"},"moderator":"{\"owner\":\"ffe41a19-7ea9-4939-a28b-934a1452dbbe\",\"staffs\":[]}","price":1.0,"item":"item:\n  ==: org.bukkit.inventory.ItemStack\n  v: 3955\n  type: WHEAT\n","unlimited":0,"shopType":0,"extra":"QuickShop: {}\n","currency":null,"disableDisplay":false,"taxAccount":"2c5f00ba-902c-411b-b9b9-9261cf43aee1"},"location":{"x":7574,"y":65,"z":9871,"world":"world"}}
[2024-10-19 02:53:31.954] {"creator":"ffe41a19-7ea9-4939-a28b-934a1452dbbe","shop":{"world":"world","position":{"x":7575,"y":64,"z":9870,"world":"world"},"moderator":"{\"owner\":\"ffe41a19-7ea9-4939-a28b-934a1452dbbe\",\"staffs\":[]}","price":1.2,"item":"item:\n  ==: org.bukkit.inventory.ItemStack\n  v: 3955\n  type: SALMON\n","unlimited":0,"shopType":0,"extra":"QuickShop: {}\n","currency":null,"disableDisplay":false,"taxAccount":"2c5f00ba-902c-411b-b9b9-9261cf43aee1"},"location":{"x":7575,"y":64,"z":9870,"world":"world"}}
[2024-10-19 02:59:38.804] {"creator":"ffe41a19-7ea9-4939-a28b-934a1452dbbe","shop":{"world":"world","position":{"x":7575,"y":64,"z":9875,"world":"world"},"moderator":"{\"owner\":\"ffe41a19-7ea9-4939-a28b-934a1452dbbe\",\"staffs\":[]}","price":3.0,"item":"item:\n  ==: org.bukkit.inventory.ItemStack\n  v: 3955\n  type: BROWN_MUSHROOM\n","unlimited":0,"shopType":0,"extra":"QuickShop: {}\n","currency":null,"disableDisplay":false,"taxAccount":"2c5f00ba-902c-411b-b9b9-9261cf43aee1"},"location":{"x":7575,"y":64,"z":9875,"world":"world"}}
[2024-10-19 05:45:08.988] {"beforeTrading":true,"player":"651dda2f-da45-49fe-bdad-856a7eb3db62","holding":16607.32151051431}
[2024-10-19 05:45:08.989] {"beforeTrading":true,"player":"ee88153b-92a5-473f-b818-a4ca0cf75c18","holding":29676.57772244379}
[2024-10-19 05:45:09.014] {"shop":{"world":"world","position":{"x":17926,"y":63,"z":5139,"world":"world"},"moderator":"{\"owner\":\"ee88153b-92a5-473f-b818-a4ca0cf75c18\",\"staffs\":[]}","price":5.0,"item":"item:\n  ==: org.bukkit.inventory.ItemStack\n  v: 3955\n  type: COOKED_BEEF\n","unlimited":0,"shopType":0,"extra":"QuickShop: {}\n","currency":null,"disableDisplay":false,"taxAccount":"2c5f00ba-902c-411b-b9b9-9261cf43aee1"},"type":"SELLING","trader":"651dda2f-da45-49fe-bdad-856a7eb3db62","itemName":"Cooked Beef","itemStack":"item:\n  ==: org.bukkit.inventory.ItemStack\n  v: 3955\n  type: COOKED_BEEF\n","amount":30,"balance":142.5,"tax":0.05}
[2024-10-19 05:45:09.014] {"beforeTrading":false,"player":"651dda2f-da45-49fe-bdad-856a7eb3db62","holding":16457.32151051431}
[2024-10-19 05:45:09.014] {"beforeTrading":false,"player":"ee88153b-92a5-473f-b818-a4ca0cf75c18","holding":29819.07772244379}
[2024-10-19 06:34:09.394] {"creator":"ffe41a19-7ea9-4939-a28b-934a1452dbbe","shop":{"world":"world","position":{"x":7577,"y":63,"z":9876,"world":"world"},"moderator":"{\"owner\":\"ffe41a19-7ea9-4939-a28b-934a1452dbbe\",\"staffs\":[]}","price":0.1,"item":"item:\n  ==: org.bukkit.inventory.ItemStack\n  v: 3955\n  type: WHEAT_SEEDS\n","unlimited":0,"shopType":0,"extra":"QuickShop: {}\n","currency":null,"disableDisplay":false,"taxAccount":"2c5f00ba-902c-411b-b9b9-9261cf43aee1"},"location":{"x":7577,"y":63,"z":9876,"world":"world"}}
[2024-10-19 09:54:50.661] {"beforeTrading":true,"player":"5cce64bc-4f44-43cd-8cae-0f42f5005570","holding":7488.061302426287}
[2024-10-19 09:54:50.661] {"beforeTrading":true,"player":"ee88153b-92a5-473f-b818-a4ca0cf75c18","holding":29819.07772244379}
[2024-10-19 09:54:50.678] {"shop":{"world":"world","position":{"x":17925,"y":63,"z":5141,"world":"world"},"moderator":"{\"owner\":\"ee88153b-92a5-473f-b818-a4ca0cf75c18\",\"staffs\":[]}","price":20.0,"item":"item:\n  ==: org.bukkit.inventory.ItemStack\n  v: 3955\n  type: EXPERIENCE_BOTTLE\n","unlimited":0,"shopType":0,"extra":"QuickShop: {}\n","currency":null,"disableDisplay":false,"taxAccount":"2c5f00ba-902c-411b-b9b9-9261cf43aee1"},"type":"SELLING","trader":"5cce64bc-4f44-43cd-8cae-0f42f5005570","itemName":"Experience Bottle","itemStack":"item:\n  ==: org.bukkit.inventory.ItemStack\n  v: 3955\n  type: EXPERIENCE_BOTTLE\n","amount":64,"balance":1216.0,"tax":0.05}
[2024-10-19 09:54:50.678] {"beforeTrading":false,"player":"5cce64bc-4f44-43cd-8cae-0f42f5005570","holding":6208.061302426287}
[2024-10-19 09:54:50.679] {"beforeTrading":false,"player":"ee88153b-92a5-473f-b818-a4ca0cf75c18","holding":31035.07772244379}
[2024-10-19 09:55:39.383] {"beforeTrading":true,"player":"ad6ba926-d387-4aec-a3b7-70eecd7137d2","holding":2878.5208161418495}
[2024-10-19 09:55:39.383] {"beforeTrading":true,"player":"ee88153b-92a5-473f-b818-a4ca0cf75c18","holding":31035.07772244379}
[2024-10-19 09:55:39.391] {"shop":{"world":"world","position":{"x":17928,"y":63,"z":5138,"world":"world"},"moderator":"{\"owner\":\"ee88153b-92a5-473f-b818-a4ca0cf75c18\",\"staffs\":[]}","price":50.0,"item":"item:\n  ==: org.bukkit.inventory.ItemStack\n  v: 3955\n  type: GOLDEN_APPLE\n","unlimited":0,"shopType":0,"extra":"QuickShop: {}\n","currency":null,"disableDisplay":false,"taxAccount":"2c5f00ba-902c-411b-b9b9-9261cf43aee1"},"type":"SELLING","trader":"ad6ba926-d387-4aec-a3b7-70eecd7137d2","itemName":"Golden Apple","itemStack":"item:\n  ==: org.bukkit.inventory.ItemStack\n  v: 3955\n  type: GOLDEN_APPLE\n","amount":3,"balance":142.5,"tax":0.05}
[2024-10-19 09:55:39.392] {"beforeTrading":false,"player":"ad6ba926-d387-4aec-a3b7-70eecd7137d2","holding":2728.5208161418495}
[2024-10-19 09:55:39.392] {"beforeTrading":false,"player":"ee88153b-92a5-473f-b818-a4ca0cf75c18","holding":31177.57772244379}
[2024-10-19 13:45:32.573] {"beforeTrading":true,"player":"94ed866d-7e68-4e5c-ae67-bcbdba07966b","holding":180.3436999999999}
[2024-10-19 13:45:32.574] {"beforeTrading":true,"player":"05c4104b-4417-49fe-89b7-3ffde2188fef","holding":29644.14003607861}
[2024-10-19 13:45:32.590] {"shop":{"world":"world","position":{"x":17931,"y":63,"z":5141,"world":"world"},"moderator":"{\"owner\":\"05c4104b-4417-49fe-89b7-3ffde2188fef\",\"staffs\":[]}","price":3.0,"item":"item:\n  ==: org.bukkit.inventory.ItemStack\n  v: 3955\n  type: SWEET_BERRIES\n","unlimited":0,"shopType":0,"extra":"QuickShop: {}\n","currency":null,"disableDisplay":false,"taxAccount":"2c5f00ba-902c-411b-b9b9-9261cf43aee1"},"type":"SELLING","trader":"94ed866d-7e68-4e5c-ae67-bcbdba07966b","itemName":"Sweet Berries","itemStack":"item:\n  ==: org.bukkit.inventory.ItemStack\n  v: 3955\n  type: SWEET_BERRIES\n","amount":11,"balance":31.349999999999998,"tax":0.05}
[2024-10-19 13:45:32.590] {"beforeTrading":false,"player":"94ed866d-7e68-4e5c-ae67-bcbdba07966b","holding":147.3436999999999}
[2024-10-19 13:45:32.591] {"beforeTrading":false,"player":"05c4104b-4417-49fe-89b7-3ffde2188fef","holding":29675.49003607861}
[2024-10-19 13:45:51.649] {"beforeTrading":true,"player":"94ed866d-7e68-4e5c-ae67-bcbdba07966b","holding":147.3436999999999}
[2024-10-19 13:45:51.649] {"beforeTrading":true,"player":"05c4104b-4417-49fe-89b7-3ffde2188fef","holding":29675.49003607861}
[2024-10-19 13:45:51.658] {"shop":{"world":"world","position":{"x":17930,"y":63,"z":5139,"world":"world"},"moderator":"{\"owner\":\"05c4104b-4417-49fe-89b7-3ffde2188fef\",\"staffs\":[]}","price":5.0,"item":"item:\n  ==: org.bukkit.inventory.ItemStack\n  v: 3955\n  type: MELON_SLICE\n","unlimited":0,"shopType":0,"extra":"QuickShop: {}\n","currency":null,"disableDisplay":false,"taxAccount":"2c5f00ba-902c-411b-b9b9-9261cf43aee1"},"type":"SELLING","trader":"94ed866d-7e68-4e5c-ae67-bcbdba07966b","itemName":"Melon Slice","itemStack":"item:\n  ==: org.bukkit.inventory.ItemStack\n  v: 3955\n  type: MELON_SLICE\n","amount":10,"balance":47.5,"tax":0.05}
[2024-10-19 13:45:51.658] {"beforeTrading":false,"player":"94ed866d-7e68-4e5c-ae67-bcbdba07966b","holding":97.3436999999999}
[2024-10-19 13:45:51.658] {"beforeTrading":false,"player":"05c4104b-4417-49fe-89b7-3ffde2188fef","holding":29722.99003607861}
[2024-10-19 14:11:42.415] {"success":false,"from":"ffe41a19-7ea9-4939-a28b-934a1452dbbe","to":null,"currency":null,"tax":0.0,"taxAccount":"00000000-0000-0000-0000-000000000000","amount":50.0,"lastError":"From hadn't enough money"}
[2024-10-19 15:13:20.900] {"beforeTrading":true,"player":"401d9021-8274-44e2-80fd-3176c8b066dc","holding":50.650119123169816}
[2024-10-19 15:13:20.900] {"beforeTrading":true,"player":"ee88153b-92a5-473f-b818-a4ca0cf75c18","holding":31177.57772244379}
[2024-10-19 15:13:20.908] {"shop":{"world":"world","position":{"x":17928,"y":63,"z":5138,"world":"world"},"moderator":"{\"owner\":\"ee88153b-92a5-473f-b818-a4ca0cf75c18\",\"staffs\":[]}","price":50.0,"item":"item:\n  ==: org.bukkit.inventory.ItemStack\n  v: 3955\n  type: GOLDEN_APPLE\n","unlimited":0,"shopType":0,"extra":"QuickShop: {}\n","currency":null,"disableDisplay":false,"taxAccount":"2c5f00ba-902c-411b-b9b9-9261cf43aee1"},"type":"SELLING","trader":"401d9021-8274-44e2-80fd-3176c8b066dc","itemName":"Golden Apple","itemStack":"item:\n  ==: org.bukkit.inventory.ItemStack\n  v: 3955\n  type: GOLDEN_APPLE\n","amount":1,"balance":47.5,"tax":0.05}
[2024-10-19 15:13:20.908] {"beforeTrading":false,"player":"401d9021-8274-44e2-80fd-3176c8b066dc","holding":0.6501191231698158}
[2024-10-19 15:13:20.909] {"beforeTrading":false,"player":"ee88153b-92a5-473f-b818-a4ca0cf75c18","holding":31225.07772244379}
[2024-10-19 17:56:06.050] {"beforeTrading":true,"player":"401d9021-8274-44e2-80fd-3176c8b066dc","holding":50.58321912316967}
[2024-10-19 17:56:06.050] {"beforeTrading":true,"player":"ee88153b-92a5-473f-b818-a4ca0cf75c18","holding":31225.07772244379}
[2024-10-19 17:56:06.058] {"shop":{"world":"world","position":{"x":17928,"y":63,"z":5138,"world":"world"},"moderator":"{\"owner\":\"ee88153b-92a5-473f-b818-a4ca0cf75c18\",\"staffs\":[]}","price":50.0,"item":"item:\n  ==: org.bukkit.inventory.ItemStack\n  v: 3955\n  type: GOLDEN_APPLE\n","unlimited":0,"shopType":0,"extra":"QuickShop: {}\n","currency":null,"disableDisplay":false,"taxAccount":"2c5f00ba-902c-411b-b9b9-9261cf43aee1"},"type":"SELLING","trader":"401d9021-8274-44e2-80fd-3176c8b066dc","itemName":"Golden Apple","itemStack":"item:\n  ==: org.bukkit.inventory.ItemStack\n  v: 3955\n  type: GOLDEN_APPLE\n","amount":1,"balance":47.5,"tax":0.05}
[2024-10-19 17:56:06.058] {"beforeTrading":false,"player":"401d9021-8274-44e2-80fd-3176c8b066dc","holding":0.5832191231696697}
[2024-10-19 17:56:06.058] {"beforeTrading":false,"player":"ee88153b-92a5-473f-b818-a4ca0cf75c18","holding":31272.57772244379}
[2024-10-20 08:59:30.081] {"beforeTrading":true,"player":"94ed866d-7e68-4e5c-ae67-bcbdba07966b","holding":150.42319999999995}
[2024-10-20 08:59:30.082] {"beforeTrading":true,"player":"ee88153b-92a5-473f-b818-a4ca0cf75c18","holding":32190.81562244379}
[2024-10-20 08:59:30.207] {"shop":{"world":"world","position":{"x":17926,"y":63,"z":5139,"world":"world"},"moderator":"{\"owner\":\"ee88153b-92a5-473f-b818-a4ca0cf75c18\",\"staffs\":[]}","price":5.0,"item":"item:\n  ==: org.bukkit.inventory.ItemStack\n  v: 3955\n  type: COOKED_BEEF\n","unlimited":0,"shopType":0,"extra":"QuickShop: {}\n","currency":null,"disableDisplay":false,"taxAccount":"2c5f00ba-902c-411b-b9b9-9261cf43aee1"},"type":"SELLING","trader":"94ed866d-7e68-4e5c-ae67-bcbdba07966b","itemName":"Cooked Beef","itemStack":"item:\n  ==: org.bukkit.inventory.ItemStack\n  v: 3955\n  type: COOKED_BEEF\n","amount":30,"balance":142.5,"tax":0.05}
[2024-10-20 08:59:30.207] {"beforeTrading":false,"player":"94ed866d-7e68-4e5c-ae67-bcbdba07966b","holding":0.4231999999999516}
[2024-10-20 08:59:30.208] {"beforeTrading":false,"player":"ee88153b-92a5-473f-b818-a4ca0cf75c18","holding":32333.31562244379}
[2024-10-20 10:58:13.709] {"beforeTrading":true,"player":"5cce64bc-4f44-43cd-8cae-0f42f5005570","holding":9650.42720759441}
[2024-10-20 10:58:13.710] {"beforeTrading":true,"player":"ee88153b-92a5-473f-b818-a4ca0cf75c18","holding":32333.31562244379}
[2024-10-20 10:58:13.724] {"shop":{"world":"world","position":{"x":17925,"y":63,"z":5141,"world":"world"},"moderator":"{\"owner\":\"ee88153b-92a5-473f-b818-a4ca0cf75c18\",\"staffs\":[]}","price":20.0,"item":"item:\n  ==: org.bukkit.inventory.ItemStack\n  v: 3955\n  type: EXPERIENCE_BOTTLE\n","unlimited":0,"shopType":0,"extra":"QuickShop: {}\n","currency":null,"disableDisplay":false,"taxAccount":"2c5f00ba-902c-411b-b9b9-9261cf43aee1"},"type":"SELLING","trader":"5cce64bc-4f44-43cd-8cae-0f42f5005570","itemName":"Experience Bottle","itemStack":"item:\n  ==: org.bukkit.inventory.ItemStack\n  v: 3955\n  type: EXPERIENCE_BOTTLE\n","amount":128,"balance":2432.0,"tax":0.05}
[2024-10-20 10:58:13.724] {"beforeTrading":false,"player":"5cce64bc-4f44-43cd-8cae-0f42f5005570","holding":7090.42720759441}
[2024-10-20 10:58:13.724] {"beforeTrading":false,"player":"ee88153b-92a5-473f-b818-a4ca0cf75c18","holding":34765.31562244379}
[2024-10-20 11:18:01.510] {"beforeTrading":true,"player":"05c4104b-4417-49fe-89b7-3ffde2188fef","holding":30518.35673607861}
[2024-10-20 11:18:01.511] {"beforeTrading":true,"player":"ee88153b-92a5-473f-b818-a4ca0cf75c18","holding":34765.31562244379}
[2024-10-20 11:18:01.528] {"shop":{"world":"world","position":{"x":17928,"y":63,"z":5138,"world":"world"},"moderator":"{\"owner\":\"ee88153b-92a5-473f-b818-a4ca0cf75c18\",\"staffs\":[]}","price":50.0,"item":"item:\n  ==: org.bukkit.inventory.ItemStack\n  v: 3955\n  type: GOLDEN_APPLE\n","unlimited":0,"shopType":0,"extra":"QuickShop: {}\n","currency":null,"disableDisplay":false,"taxAccount":"2c5f00ba-902c-411b-b9b9-9261cf43aee1"},"type":"SELLING","trader":"05c4104b-4417-49fe-89b7-3ffde2188fef","itemName":"Golden Apple","itemStack":"item:\n  ==: org.bukkit.inventory.ItemStack\n  v: 3955\n  type: GOLDEN_APPLE\n","amount":5,"balance":237.5,"tax":0.05}
[2024-10-20 11:18:01.528] {"beforeTrading":false,"player":"05c4104b-4417-49fe-89b7-3ffde2188fef","holding":30268.35673607861}
[2024-10-20 11:18:01.529] {"beforeTrading":false,"player":"ee88153b-92a5-473f-b818-a4ca0cf75c18","holding":35002.81562244379}
[2024-10-20 11:31:34.760] {"beforeTrading":true,"player":"94ed866d-7e68-4e5c-ae67-bcbdba07966b","holding":90.41489999999999}
[2024-10-20 11:31:34.761] {"beforeTrading":true,"player":"ffe41a19-7ea9-4939-a28b-934a1452dbbe","holding":0.19399999999995998}
[2024-10-20 11:31:34.796] {"shop":{"world":"world","position":{"x":7577,"y":63,"z":9876,"world":"world"},"moderator":"{\"owner\":\"ffe41a19-7ea9-4939-a28b-934a1452dbbe\",\"staffs\":[]}","price":0.1,"item":"item:\n  ==: org.bukkit.inventory.ItemStack\n  v: 3955\n  type: WHEAT_SEEDS\n","unlimited":0,"shopType":0,"extra":"QuickShop: {}\n","currency":null,"disableDisplay":false,"taxAccount":"2c5f00ba-902c-411b-b9b9-9261cf43aee1"},"type":"SELLING","trader":"94ed866d-7e68-4e5c-ae67-bcbdba07966b","itemName":"Wheat Seeds","itemStack":"item:\n  ==: org.bukkit.inventory.ItemStack\n  v: 3955\n  type: WHEAT_SEEDS\n","amount":100,"balance":9.5,"tax":0.05}
[2024-10-20 11:31:34.796] {"beforeTrading":false,"player":"94ed866d-7e68-4e5c-ae67-bcbdba07966b","holding":80.41489999999999}
[2024-10-20 11:31:34.798] {"beforeTrading":false,"player":"ffe41a19-7ea9-4939-a28b-934a1452dbbe","holding":9.69399999999996}
[2024-10-20 13:47:58.514] {"beforeTrading":true,"player":"401d9021-8274-44e2-80fd-3176c8b066dc","holding":0.26662785049938975}
[2024-10-20 13:47:58.514] {"beforeTrading":true,"player":"ee88153b-92a5-473f-b818-a4ca0cf75c18","holding":35002.81562244379}
[2024-10-20 13:47:58.531] {"success":false,"from":"401d9021-8274-44e2-80fd-3176c8b066dc","to":"ee88153b-92a5-473f-b818-a4ca0cf75c18","currency":null,"tax":2.5,"taxAccount":"2c5f00ba-902c-411b-b9b9-9261cf43aee1","amount":50.0,"lastError":"From hadn't enough money"}
[2024-10-20 13:48:04.160] {"beforeTrading":true,"player":"401d9021-8274-44e2-80fd-3176c8b066dc","holding":50.26662785049939}
[2024-10-20 13:48:04.160] {"beforeTrading":true,"player":"ee88153b-92a5-473f-b818-a4ca0cf75c18","holding":35002.81562244379}
[2024-10-20 13:48:04.249] {"shop":{"world":"world","position":{"x":17928,"y":63,"z":5138,"world":"world"},"moderator":"{\"owner\":\"ee88153b-92a5-473f-b818-a4ca0cf75c18\",\"staffs\":[]}","price":50.0,"item":"item:\n  ==: org.bukkit.inventory.ItemStack\n  v: 3955\n  type: GOLDEN_APPLE\n","unlimited":0,"shopType":0,"extra":"QuickShop: {}\n","currency":null,"disableDisplay":false,"taxAccount":"2c5f00ba-902c-411b-b9b9-9261cf43aee1"},"type":"SELLING","trader":"401d9021-8274-44e2-80fd-3176c8b066dc","itemName":"Golden Apple","itemStack":"item:\n  ==: org.bukkit.inventory.ItemStack\n  v: 3955\n  type: GOLDEN_APPLE\n","amount":1,"balance":47.5,"tax":0.05}
[2024-10-20 13:48:04.249] {"beforeTrading":false,"player":"401d9021-8274-44e2-80fd-3176c8b066dc","holding":0.26662785049938975}
[2024-10-20 13:48:04.249] {"beforeTrading":false,"player":"ee88153b-92a5-473f-b818-a4ca0cf75c18","holding":35050.31562244379}
[2024-10-20 16:48:03.176] {"beforeTrading":true,"player":"05c4104b-4417-49fe-89b7-3ffde2188fef","holding":31974.103636078613}
[2024-10-20 16:48:03.176] {"beforeTrading":true,"player":"ee88153b-92a5-473f-b818-a4ca0cf75c18","holding":35050.31562244379}
[2024-10-20 16:48:03.301] {"shop":{"world":"world","position":{"x":17928,"y":63,"z":5138,"world":"world"},"moderator":"{\"owner\":\"ee88153b-92a5-473f-b818-a4ca0cf75c18\",\"staffs\":[]}","price":50.0,"item":"item:\n  ==: org.bukkit.inventory.ItemStack\n  v: 3955\n  type: GOLDEN_APPLE\n","unlimited":0,"shopType":0,"extra":"QuickShop: {}\n","currency":null,"disableDisplay":false,"taxAccount":"2c5f00ba-902c-411b-b9b9-9261cf43aee1"},"type":"SELLING","trader":"05c4104b-4417-49fe-89b7-3ffde2188fef","itemName":"Golden Apple","itemStack":"item:\n  ==: org.bukkit.inventory.ItemStack\n  v: 3955\n  type: GOLDEN_APPLE\n","amount":5,"balance":237.5,"tax":0.05}
[2024-10-20 16:48:03.301] {"beforeTrading":false,"player":"05c4104b-4417-49fe-89b7-3ffde2188fef","holding":31724.103636078613}
[2024-10-20 16:48:03.301] {"beforeTrading":false,"player":"ee88153b-92a5-473f-b818-a4ca0cf75c18","holding":35287.81562244379}
[2024-10-20 17:24:01.856] {"beforeTrading":true,"player":"06626d17-8b7d-4e0c-9a6b-d077a2e847da","holding":91.75274562971586}
[2024-10-20 17:24:01.857] {"beforeTrading":true,"player":"ee88153b-92a5-473f-b818-a4ca0cf75c18","holding":34445.93759683964}
[2024-10-20 17:24:01.875] {"success":false,"from":"06626d17-8b7d-4e0c-9a6b-d077a2e847da","to":"ee88153b-92a5-473f-b818-a4ca0cf75c18","currency":null,"tax":8.5,"taxAccount":"2c5f00ba-902c-411b-b9b9-9261cf43aee1","amount":170.0,"lastError":"From hadn't enough money"}
[2024-10-20 17:24:08.056] {"beforeTrading":true,"player":"06626d17-8b7d-4e0c-9a6b-d077a2e847da","holding":91.75274562971586}
[2024-10-20 17:24:08.056] {"beforeTrading":true,"player":"ee88153b-92a5-473f-b818-a4ca0cf75c18","holding":34445.93759683964}
[2024-10-20 17:24:08.072] {"shop":{"world":"world","position":{"x":17926,"y":63,"z":5139,"world":"world"},"moderator":"{\"owner\":\"ee88153b-92a5-473f-b818-a4ca0cf75c18\",\"staffs\":[]}","price":5.0,"item":"item:\n  ==: org.bukkit.inventory.ItemStack\n  v: 3955\n  type: COOKED_BEEF\n","unlimited":0,"shopType":0,"extra":"QuickShop: {}\n","currency":null,"disableDisplay":false,"taxAccount":"2c5f00ba-902c-411b-b9b9-9261cf43aee1"},"type":"SELLING","trader":"06626d17-8b7d-4e0c-9a6b-d077a2e847da","itemName":"Cooked Beef","itemStack":"item:\n  ==: org.bukkit.inventory.ItemStack\n  v: 3955\n  type: COOKED_BEEF\n","amount":10,"balance":47.5,"tax":0.05}
[2024-10-20 17:24:08.072] {"beforeTrading":false,"player":"06626d17-8b7d-4e0c-9a6b-d077a2e847da","holding":41.75274562971586}
[2024-10-20 17:24:08.072] {"beforeTrading":false,"player":"ee88153b-92a5-473f-b818-a4ca0cf75c18","holding":34493.43759683964}
[2024-10-20 17:28:16.556] {"beforeTrading":true,"player":"401d9021-8274-44e2-80fd-3176c8b066dc","holding":92.36212785049942}
[2024-10-20 17:28:16.556] {"beforeTrading":true,"player":"ee88153b-92a5-473f-b818-a4ca0cf75c18","holding":32784.124995266175}
[2024-10-20 17:28:16.585] {"shop":{"world":"world","position":{"x":17925,"y":63,"z":5141,"world":"world"},"moderator":"{\"owner\":\"ee88153b-92a5-473f-b818-a4ca0cf75c18\",\"staffs\":[]}","price":20.0,"item":"item:\n  ==: org.bukkit.inventory.ItemStack\n  v: 3955\n  type: EXPERIENCE_BOTTLE\n","unlimited":0,"shopType":0,"extra":"QuickShop: {}\n","currency":null,"disableDisplay":false,"taxAccount":"2c5f00ba-902c-411b-b9b9-9261cf43aee1"},"type":"SELLING","trader":"401d9021-8274-44e2-80fd-3176c8b066dc","itemName":"Experience Bottle","itemStack":"item:\n  ==: org.bukkit.inventory.ItemStack\n  v: 3955\n  type: EXPERIENCE_BOTTLE\n","amount":4,"balance":76.0,"tax":0.05}
[2024-10-20 17:28:16.585] {"beforeTrading":false,"player":"401d9021-8274-44e2-80fd-3176c8b066dc","holding":12.36212785049942}
[2024-10-20 17:28:16.585] {"beforeTrading":false,"player":"ee88153b-92a5-473f-b818-a4ca0cf75c18","holding":32860.124995266175}
[2024-10-20 18:04:52.093] {"beforeTrading":true,"player":"94ed866d-7e68-4e5c-ae67-bcbdba07966b","holding":50.235785956095256}
[2024-10-20 18:04:52.093] {"beforeTrading":true,"player":"05c4104b-4417-49fe-89b7-3ffde2188fef","holding":32474.932536078613}
[2024-10-20 18:04:52.107] {"shop":{"world":"world","position":{"x":17931,"y":63,"z":5141,"world":"world"},"moderator":"{\"owner\":\"05c4104b-4417-49fe-89b7-3ffde2188fef\",\"staffs\":[]}","price":3.0,"item":"item:\n  ==: org.bukkit.inventory.ItemStack\n  v: 3955\n  type: SWEET_BERRIES\n","unlimited":0,"shopType":0,"extra":"QuickShop: {}\n","currency":null,"disableDisplay":false,"taxAccount":"2c5f00ba-902c-411b-b9b9-9261cf43aee1"},"type":"SELLING","trader":"94ed866d-7e68-4e5c-ae67-bcbdba07966b","itemName":"Sweet Berries","itemStack":"item:\n  ==: org.bukkit.inventory.ItemStack\n  v: 3955\n  type: SWEET_BERRIES\n","amount":10,"balance":28.5,"tax":0.05}
[2024-10-20 18:04:52.107] {"beforeTrading":false,"player":"94ed866d-7e68-4e5c-ae67-bcbdba07966b","holding":20.235785956095256}
[2024-10-20 18:04:52.107] {"beforeTrading":false,"player":"05c4104b-4417-49fe-89b7-3ffde2188fef","holding":32503.432536078613}
[2024-10-20 21:23:33.056] {"beforeTrading":true,"player":"ad6ba926-d387-4aec-a3b7-70eecd7137d2","holding":5172.780571155747}
[2024-10-20 21:23:33.056] {"beforeTrading":true,"player":"ee88153b-92a5-473f-b818-a4ca0cf75c18","holding":33645.582570555096}
[2024-10-20 21:23:33.066] {"shop":{"world":"world","position":{"x":17928,"y":63,"z":5138,"world":"world"},"moderator":"{\"owner\":\"ee88153b-92a5-473f-b818-a4ca0cf75c18\",\"staffs\":[]}","price":50.0,"item":"item:\n  ==: org.bukkit.inventory.ItemStack\n  v: 3955\n  type: GOLDEN_APPLE\n","unlimited":0,"shopType":0,"extra":"QuickShop: {}\n","currency":null,"disableDisplay":false,"taxAccount":"2c5f00ba-902c-411b-b9b9-9261cf43aee1"},"type":"SELLING","trader":"ad6ba926-d387-4aec-a3b7-70eecd7137d2","itemName":"Golden Apple","itemStack":"item:\n  ==: org.bukkit.inventory.ItemStack\n  v: 3955\n  type: GOLDEN_APPLE\n","amount":10,"balance":475.0,"tax":0.05}
[2024-10-20 21:23:33.066] {"beforeTrading":false,"player":"ad6ba926-d387-4aec-a3b7-70eecd7137d2","holding":4672.780571155747}
[2024-10-20 21:23:33.066] {"beforeTrading":false,"player":"ee88153b-92a5-473f-b818-a4ca0cf75c18","holding":34120.582570555096}
[2024-10-20 22:28:15.823] {"beforeTrading":true,"player":"5cce64bc-4f44-43cd-8cae-0f42f5005570","holding":1236.8077075944102}
[2024-10-20 22:28:15.824] {"beforeTrading":true,"player":"ee88153b-92a5-473f-b818-a4ca0cf75c18","holding":34120.582570555096}
[2024-10-20 22:28:15.945] {"shop":{"world":"world","position":{"x":17925,"y":63,"z":5141,"world":"world"},"moderator":"{\"owner\":\"ee88153b-92a5-473f-b818-a4ca0cf75c18\",\"staffs\":[]}","price":20.0,"item":"item:\n  ==: org.bukkit.inventory.ItemStack\n  v: 3955\n  type: EXPERIENCE_BOTTLE\n","unlimited":0,"shopType":0,"extra":"QuickShop: {}\n","currency":null,"disableDisplay":false,"taxAccount":"2c5f00ba-902c-411b-b9b9-9261cf43aee1"},"type":"SELLING","trader":"5cce64bc-4f44-43cd-8cae-0f42f5005570","itemName":"Experience Bottle","itemStack":"item:\n  ==: org.bukkit.inventory.ItemStack\n  v: 3955\n  type: EXPERIENCE_BOTTLE\n","amount":61,"balance":1159.0,"tax":0.05}
[2024-10-20 22:28:15.945] {"beforeTrading":false,"player":"5cce64bc-4f44-43cd-8cae-0f42f5005570","holding":16.807707594410203}
[2024-10-20 22:28:15.946] {"beforeTrading":false,"player":"ee88153b-92a5-473f-b818-a4ca0cf75c18","holding":35279.582570555096}
[2024-10-21 00:42:28.074] {"creator":"ffe41a19-7ea9-4939-a28b-934a1452dbbe","shop":{"world":"world","position":{"x":7577,"y":64,"z":9876,"world":"world"},"moderator":"{\"owner\":\"ffe41a19-7ea9-4939-a28b-934a1452dbbe\",\"staffs\":[]}","price":1.5,"item":"item:\n  ==: org.bukkit.inventory.ItemStack\n  v: 3955\n  type: PUMPKIN\n","unlimited":0,"shopType":0,"extra":"QuickShop: {}\n","currency":null,"disableDisplay":false,"taxAccount":"2c5f00ba-902c-411b-b9b9-9261cf43aee1"},"location":{"x":7577,"y":64,"z":9876,"world":"world"}}
[2024-10-21 00:42:28.079] {"success":false,"from":"ffe41a19-7ea9-4939-a28b-934a1452dbbe","to":null,"currency":null,"tax":0.0,"taxAccount":"2c5f00ba-902c-411b-b9b9-9261cf43aee1","amount":10.0,"lastError":"From hadn't enough money"}
[2024-10-21 00:42:59.817] {"creator":"ffe41a19-7ea9-4939-a28b-934a1452dbbe","shop":{"world":"world","position":{"x":7577,"y":64,"z":9876,"world":"world"},"moderator":"{\"owner\":\"ffe41a19-7ea9-4939-a28b-934a1452dbbe\",\"staffs\":[]}","price":1.2,"item":"item:\n  ==: org.bukkit.inventory.ItemStack\n  v: 3955\n  type: PUMPKIN\n","unlimited":0,"shopType":0,"extra":"QuickShop: {}\n","currency":null,"disableDisplay":false,"taxAccount":"2c5f00ba-902c-411b-b9b9-9261cf43aee1"},"location":{"x":7577,"y":64,"z":9876,"world":"world"}}
[2024-10-21 10:39:08.516] {"beforeTrading":true,"player":"651dda2f-da45-49fe-bdad-856a7eb3db62","holding":18550.178910817944}
[2024-10-21 10:39:08.517] {"beforeTrading":true,"player":"ee88153b-92a5-473f-b818-a4ca0cf75c18","holding":35279.582570555096}
[2024-10-21 10:39:08.548] {"shop":{"world":"world","position":{"x":17926,"y":63,"z":5139,"world":"world"},"moderator":"{\"owner\":\"ee88153b-92a5-473f-b818-a4ca0cf75c18\",\"staffs\":[]}","price":5.0,"item":"item:\n  ==: org.bukkit.inventory.ItemStack\n  v: 3955\n  type: COOKED_BEEF\n","unlimited":0,"shopType":0,"extra":"QuickShop: {}\n","currency":null,"disableDisplay":false,"taxAccount":"2c5f00ba-902c-411b-b9b9-9261cf43aee1"},"type":"SELLING","trader":"651dda2f-da45-49fe-bdad-856a7eb3db62","itemName":"Cooked Beef","itemStack":"item:\n  ==: org.bukkit.inventory.ItemStack\n  v: 3955\n  type: COOKED_BEEF\n","amount":40,"balance":190.0,"tax":0.05}
[2024-10-21 10:39:08.548] {"beforeTrading":false,"player":"651dda2f-da45-49fe-bdad-856a7eb3db62","holding":18350.178910817944}
[2024-10-21 10:39:08.549] {"beforeTrading":false,"player":"ee88153b-92a5-473f-b818-a4ca0cf75c18","holding":35469.582570555096}
[2024-10-21 14:47:55.366] {"beforeTrading":true,"player":"05c4104b-4417-49fe-89b7-3ffde2188fef","holding":32793.56203607861}
[2024-10-21 14:47:55.366] {"beforeTrading":true,"player":"ee88153b-92a5-473f-b818-a4ca0cf75c18","holding":35469.582570555096}
[2024-10-21 14:47:55.382] {"shop":{"world":"world","position":{"x":17925,"y":63,"z":5141,"world":"world"},"moderator":"{\"owner\":\"ee88153b-92a5-473f-b818-a4ca0cf75c18\",\"staffs\":[]}","price":20.0,"item":"item:\n  ==: org.bukkit.inventory.ItemStack\n  v: 3955\n  type: EXPERIENCE_BOTTLE\n","unlimited":0,"shopType":0,"extra":"QuickShop: {}\n","currency":null,"disableDisplay":false,"taxAccount":"2c5f00ba-902c-411b-b9b9-9261cf43aee1"},"type":"SELLING","trader":"05c4104b-4417-49fe-89b7-3ffde2188fef","itemName":"Experience Bottle","itemStack":"item:\n  ==: org.bukkit.inventory.ItemStack\n  v: 3955\n  type: EXPERIENCE_BOTTLE\n","amount":40,"balance":760.0,"tax":0.05}
[2024-10-21 14:47:55.382] {"beforeTrading":false,"player":"05c4104b-4417-49fe-89b7-3ffde2188fef","holding":31993.562036078612}
[2024-10-21 14:47:55.382] {"beforeTrading":false,"player":"ee88153b-92a5-473f-b818-a4ca0cf75c18","holding":36229.582570555096}
[2024-10-21 17:00:22.466] {"beforeTrading":true,"player":"05c4104b-4417-49fe-89b7-3ffde2188fef","holding":30783.339375414285}
[2024-10-21 17:00:22.468] {"beforeTrading":true,"player":"ee88153b-92a5-473f-b818-a4ca0cf75c18","holding":35279.582570555096}
[2024-10-21 17:00:22.492] {"shop":{"world":"world","position":{"x":17928,"y":63,"z":5138,"world":"world"},"moderator":"{\"owner\":\"ee88153b-92a5-473f-b818-a4ca0cf75c18\",\"staffs\":[]}","price":50.0,"item":"item:\n  ==: org.bukkit.inventory.ItemStack\n  v: 3955\n  type: GOLDEN_APPLE\n","unlimited":0,"shopType":0,"extra":"QuickShop: {}\n","currency":null,"disableDisplay":false,"taxAccount":"2c5f00ba-902c-411b-b9b9-9261cf43aee1"},"type":"SELLING","trader":"05c4104b-4417-49fe-89b7-3ffde2188fef","itemName":"Golden Apple","itemStack":"item:\n  ==: org.bukkit.inventory.ItemStack\n  v: 3955\n  type: GOLDEN_APPLE\n","amount":20,"balance":950.0,"tax":0.05}
[2024-10-21 17:00:22.492] {"beforeTrading":false,"player":"05c4104b-4417-49fe-89b7-3ffde2188fef","holding":29783.339375414285}
[2024-10-21 17:00:22.492] {"beforeTrading":false,"player":"ee88153b-92a5-473f-b818-a4ca0cf75c18","holding":36229.582570555096}
[2024-10-21 17:33:03.516] {"beforeTrading":true,"player":"ad6ba926-d387-4aec-a3b7-70eecd7137d2","holding":6850.037971155747}
[2024-10-21 17:33:03.517] {"beforeTrading":true,"player":"ee88153b-92a5-473f-b818-a4ca0cf75c18","holding":36229.582570555096}
[2024-10-21 17:33:03.525] {"shop":{"world":"world","position":{"x":17928,"y":63,"z":5138,"world":"world"},"moderator":"{\"owner\":\"ee88153b-92a5-473f-b818-a4ca0cf75c18\",\"staffs\":[]}","price":50.0,"item":"item:\n  ==: org.bukkit.inventory.ItemStack\n  v: 3955\n  type: GOLDEN_APPLE\n","unlimited":0,"shopType":0,"extra":"QuickShop: {}\n","currency":null,"disableDisplay":false,"taxAccount":"2c5f00ba-902c-411b-b9b9-9261cf43aee1"},"type":"SELLING","trader":"ad6ba926-d387-4aec-a3b7-70eecd7137d2","itemName":"Golden Apple","itemStack":"item:\n  ==: org.bukkit.inventory.ItemStack\n  v: 3955\n  type: GOLDEN_APPLE\n","amount":10,"balance":475.0,"tax":0.05}
[2024-10-21 17:33:03.525] {"beforeTrading":false,"player":"ad6ba926-d387-4aec-a3b7-70eecd7137d2","holding":6350.037971155747}
[2024-10-21 17:33:03.525] {"beforeTrading":false,"player":"ee88153b-92a5-473f-b818-a4ca0cf75c18","holding":36704.582570555096}
[2024-10-21 18:06:35.466] {"beforeTrading":true,"player":"6863f2f4-6cf2-4d02-b685-f4ef50f5183e","holding":56596.46165740335}
[2024-10-21 18:06:35.466] {"beforeTrading":true,"player":"ffe41a19-7ea9-4939-a28b-934a1452dbbe","holding":129.3733}
[2024-10-21 18:06:35.481] {"shop":{"world":"world","position":{"x":7575,"y":64,"z":9875,"world":"world"},"moderator":"{\"owner\":\"ffe41a19-7ea9-4939-a28b-934a1452dbbe\",\"staffs\":[]}","price":3.0,"item":"item:\n  ==: org.bukkit.inventory.ItemStack\n  v: 3955\n  type: BROWN_MUSHROOM\n","unlimited":0,"shopType":0,"extra":"QuickShop: {}\n","currency":null,"disableDisplay":false,"taxAccount":"2c5f00ba-902c-411b-b9b9-9261cf43aee1"},"type":"SELLING","trader":"6863f2f4-6cf2-4d02-b685-f4ef50f5183e","itemName":"Brown Mushroom","itemStack":"item:\n  ==: org.bukkit.inventory.ItemStack\n  v: 3955\n  type: BROWN_MUSHROOM\n","amount":26,"balance":74.1,"tax":0.05}
[2024-10-21 18:06:35.481] {"beforeTrading":false,"player":"6863f2f4-6cf2-4d02-b685-f4ef50f5183e","holding":56518.46165740335}
[2024-10-21 18:06:35.481] {"beforeTrading":false,"player":"ffe41a19-7ea9-4939-a28b-934a1452dbbe","holding":203.4733}
[2024-10-21 18:23:33.069] {"creator":"94ed866d-7e68-4e5c-ae67-bcbdba07966b","shop":{"world":"world","position":{"x":18194,"y":64,"z":6718,"world":"world"},"moderator":"{\"owner\":\"94ed866d-7e68-4e5c-ae67-bcbdba07966b\",\"staffs\":[]}","price":1.0,"item":"item:\n  ==: org.bukkit.inventory.ItemStack\n  v: 3955\n  type: SWEET_BERRIES\n","unlimited":0,"shopType":0,"extra":"QuickShop: {}\n","currency":null,"disableDisplay":false,"taxAccount":"2c5f00ba-902c-411b-b9b9-9261cf43aee1"},"location":{"x":18194,"y":64,"z":6718,"world":"world"}}
[2024-10-21 19:09:38.216] {"beforeTrading":true,"player":"94ed866d-7e68-4e5c-ae67-bcbdba07966b","holding":100.33881506134065}
[2024-10-21 19:09:38.216] {"beforeTrading":true,"player":"05c4104b-4417-49fe-89b7-3ffde2188fef","holding":30588.830175414285}
[2024-10-21 19:09:38.240] {"shop":{"world":"world","position":{"x":17930,"y":63,"z":5139,"world":"world"},"moderator":"{\"owner\":\"05c4104b-4417-49fe-89b7-3ffde2188fef\",\"staffs\":[]}","price":5.0,"item":"item:\n  ==: org.bukkit.inventory.ItemStack\n  v: 3955\n  type: MELON_SLICE\n","unlimited":0,"shopType":0,"extra":"QuickShop: {}\n","currency":null,"disableDisplay":false,"taxAccount":"2c5f00ba-902c-411b-b9b9-9261cf43aee1"},"type":"SELLING","trader":"94ed866d-7e68-4e5c-ae67-bcbdba07966b","itemName":"Melon Slice","itemStack":"item:\n  ==: org.bukkit.inventory.ItemStack\n  v: 3955\n  type: MELON_SLICE\n","amount":10,"balance":47.5,"tax":0.05}
[2024-10-21 19:09:38.240] {"beforeTrading":false,"player":"94ed866d-7e68-4e5c-ae67-bcbdba07966b","holding":50.338815061340654}
[2024-10-21 19:09:38.240] {"beforeTrading":false,"player":"05c4104b-4417-49fe-89b7-3ffde2188fef","holding":30636.330175414285}
[2024-10-21 19:18:25.473] {"beforeTrading":true,"player":"ad6ba926-d387-4aec-a3b7-70eecd7137d2","holding":6365.917171155747}
[2024-10-21 19:18:25.473] {"beforeTrading":true,"player":"ee88153b-92a5-473f-b818-a4ca0cf75c18","holding":36754.582570555096}
[2024-10-21 19:18:25.485] {"shop":{"world":"world","position":{"x":17928,"y":63,"z":5138,"world":"world"},"moderator":"{\"owner\":\"ee88153b-92a5-473f-b818-a4ca0cf75c18\",\"staffs\":[]}","price":50.0,"item":"item:\n  ==: org.bukkit.inventory.ItemStack\n  v: 3955\n  type: GOLDEN_APPLE\n","unlimited":0,"shopType":0,"extra":"QuickShop: {}\n","currency":null,"disableDisplay":false,"taxAccount":"2c5f00ba-902c-411b-b9b9-9261cf43aee1"},"type":"SELLING","trader":"ad6ba926-d387-4aec-a3b7-70eecd7137d2","itemName":"Golden Apple","itemStack":"item:\n  ==: org.bukkit.inventory.ItemStack\n  v: 3955\n  type: GOLDEN_APPLE\n","amount":1,"balance":47.5,"tax":0.05}
[2024-10-21 19:18:25.485] {"beforeTrading":false,"player":"ad6ba926-d387-4aec-a3b7-70eecd7137d2","holding":6315.917171155747}
[2024-10-21 19:18:25.485] {"beforeTrading":false,"player":"ee88153b-92a5-473f-b818-a4ca0cf75c18","holding":36802.082570555096}
[2024-10-21 19:38:54.466] {"beforeTrading":true,"player":"6863f2f4-6cf2-4d02-b685-f4ef50f5183e","holding":1518.4616574033498}
[2024-10-21 19:38:54.466] {"beforeTrading":true,"player":"ee88153b-92a5-473f-b818-a4ca0cf75c18","holding":36802.082570555096}
[2024-10-21 19:38:54.483] {"shop":{"world":"world","position":{"x":17925,"y":63,"z":5141,"world":"world"},"moderator":"{\"owner\":\"ee88153b-92a5-473f-b818-a4ca0cf75c18\",\"staffs\":[]}","price":20.0,"item":"item:\n  ==: org.bukkit.inventory.ItemStack\n  v: 3955\n  type: EXPERIENCE_BOTTLE\n","unlimited":0,"shopType":0,"extra":"QuickShop: {}\n","currency":null,"disableDisplay":false,"taxAccount":"2c5f00ba-902c-411b-b9b9-9261cf43aee1"},"type":"SELLING","trader":"6863f2f4-6cf2-4d02-b685-f4ef50f5183e","itemName":"Experience Bottle","itemStack":"item:\n  ==: org.bukkit.inventory.ItemStack\n  v: 3955\n  type: EXPERIENCE_BOTTLE\n","amount":23,"balance":437.0,"tax":0.05}
[2024-10-21 19:38:54.483] {"beforeTrading":false,"player":"6863f2f4-6cf2-4d02-b685-f4ef50f5183e","holding":1058.4616574033498}
[2024-10-21 19:38:54.484] {"beforeTrading":false,"player":"ee88153b-92a5-473f-b818-a4ca0cf75c18","holding":37239.082570555096}
[2024-10-21 19:50:37.559] {"beforeTrading":true,"player":"05c4104b-4417-49fe-89b7-3ffde2188fef","holding":30644.7428299106}
[2024-10-21 19:50:37.560] {"beforeTrading":true,"player":"ee88153b-92a5-473f-b818-a4ca0cf75c18","holding":37239.082570555096}
[2024-10-21 19:50:37.567] {"shop":{"world":"world","position":{"x":17928,"y":63,"z":5138,"world":"world"},"moderator":"{\"owner\":\"ee88153b-92a5-473f-b818-a4ca0cf75c18\",\"staffs\":[]}","price":50.0,"item":"item:\n  ==: org.bukkit.inventory.ItemStack\n  v: 3955\n  type: GOLDEN_APPLE\n","unlimited":0,"shopType":0,"extra":"QuickShop: {}\n","currency":null,"disableDisplay":false,"taxAccount":"2c5f00ba-902c-411b-b9b9-9261cf43aee1"},"type":"SELLING","trader":"05c4104b-4417-49fe-89b7-3ffde2188fef","itemName":"Golden Apple","itemStack":"item:\n  ==: org.bukkit.inventory.ItemStack\n  v: 3955\n  type: GOLDEN_APPLE\n","amount":4,"balance":190.0,"tax":0.05}
[2024-10-21 19:50:37.567] {"beforeTrading":false,"player":"05c4104b-4417-49fe-89b7-3ffde2188fef","holding":30444.7428299106}
[2024-10-21 19:50:37.568] {"beforeTrading":false,"player":"ee88153b-92a5-473f-b818-a4ca0cf75c18","holding":37429.082570555096}
[2024-10-21 19:55:56.216] {"beforeTrading":true,"player":"06626d17-8b7d-4e0c-9a6b-d077a2e847da","holding":138.0842456297156}
[2024-10-21 19:55:56.216] {"beforeTrading":true,"player":"ee88153b-92a5-473f-b818-a4ca0cf75c18","holding":37429.082570555096}
[2024-10-21 19:55:56.223] {"shop":{"world":"world","position":{"x":17928,"y":63,"z":5138,"world":"world"},"moderator":"{\"owner\":\"ee88153b-92a5-473f-b818-a4ca0cf75c18\",\"staffs\":[]}","price":50.0,"item":"item:\n  ==: org.bukkit.inventory.ItemStack\n  v: 3955\n  type: GOLDEN_APPLE\n","unlimited":0,"shopType":0,"extra":"QuickShop: {}\n","currency":null,"disableDisplay":false,"taxAccount":"2c5f00ba-902c-411b-b9b9-9261cf43aee1"},"type":"SELLING","trader":"06626d17-8b7d-4e0c-9a6b-d077a2e847da","itemName":"Golden Apple","itemStack":"item:\n  ==: org.bukkit.inventory.ItemStack\n  v: 3955\n  type: GOLDEN_APPLE\n","amount":2,"balance":95.0,"tax":0.05}
[2024-10-21 19:55:56.223] {"beforeTrading":false,"player":"06626d17-8b7d-4e0c-9a6b-d077a2e847da","holding":38.08424562971561}
[2024-10-21 19:55:56.224] {"beforeTrading":false,"player":"ee88153b-92a5-473f-b818-a4ca0cf75c18","holding":37524.082570555096}
[2024-10-21 20:26:40.116] {"beforeTrading":true,"player":"06626d17-8b7d-4e0c-9a6b-d077a2e847da","holding":533.8859456297156}
[2024-10-21 20:26:40.116] {"beforeTrading":true,"player":"ee88153b-92a5-473f-b818-a4ca0cf75c18","holding":37524.082570555096}
[2024-10-21 20:26:40.127] {"shop":{"world":"world","position":{"x":17928,"y":63,"z":5138,"world":"world"},"moderator":"{\"owner\":\"ee88153b-92a5-473f-b818-a4ca0cf75c18\",\"staffs\":[]}","price":50.0,"item":"item:\n  ==: org.bukkit.inventory.ItemStack\n  v: 3955\n  type: GOLDEN_APPLE\n","unlimited":0,"shopType":0,"extra":"QuickShop: {}\n","currency":null,"disableDisplay":false,"taxAccount":"2c5f00ba-902c-411b-b9b9-9261cf43aee1"},"type":"SELLING","trader":"06626d17-8b7d-4e0c-9a6b-d077a2e847da","itemName":"Golden Apple","itemStack":"item:\n  ==: org.bukkit.inventory.ItemStack\n  v: 3955\n  type: GOLDEN_APPLE\n","amount":5,"balance":237.5,"tax":0.05}
[2024-10-21 20:26:40.127] {"beforeTrading":false,"player":"06626d17-8b7d-4e0c-9a6b-d077a2e847da","holding":283.8859456297156}
[2024-10-21 20:26:40.127] {"beforeTrading":false,"player":"ee88153b-92a5-473f-b818-a4ca0cf75c18","holding":37761.582570555096}
[2024-10-21 21:44:07.869] {"creator":"6863f2f4-6cf2-4d02-b685-f4ef50f5183e","shop":{"world":"world","position":{"x":14985,"y":69,"z":4433,"world":"world"},"moderator":"{\"owner\":\"6863f2f4-6cf2-4d02-b685-f4ef50f5183e\",\"staffs\":[]}","price":3000.0,"item":"item:\n  ==: org.bukkit.inventory.ItemStack\n  v: 3955\n  type: NETHERITE_SCRAP\n","unlimited":0,"shopType":0,"extra":"QuickShop: {}\n","currency":null,"disableDisplay":false,"taxAccount":"2c5f00ba-902c-411b-b9b9-9261cf43aee1"},"location":{"x":14985,"y":69,"z":4433,"world":"world"}}
[2024-10-22 13:43:55.518] {"beforeTrading":true,"player":"05c4104b-4417-49fe-89b7-3ffde2188fef","holding":28683.7428299106}
[2024-10-22 13:43:55.518] {"beforeTrading":true,"player":"ee88153b-92a5-473f-b818-a4ca0cf75c18","holding":39829.676270555094}
[2024-10-22 13:43:55.598] {"shop":{"world":"world","position":{"x":17928,"y":63,"z":5138,"world":"world"},"moderator":"{\"owner\":\"ee88153b-92a5-473f-b818-a4ca0cf75c18\",\"staffs\":[]}","price":50.0,"item":"item:\n  ==: org.bukkit.inventory.ItemStack\n  v: 3955\n  type: GOLDEN_APPLE\n","unlimited":0,"shopType":0,"extra":"QuickShop: {}\n","currency":null,"disableDisplay":false,"taxAccount":"2c5f00ba-902c-411b-b9b9-9261cf43aee1"},"type":"SELLING","trader":"05c4104b-4417-49fe-89b7-3ffde2188fef","itemName":"Golden Apple","itemStack":"item:\n  ==: org.bukkit.inventory.ItemStack\n  v: 3955\n  type: GOLDEN_APPLE\n","amount":10,"balance":475.0,"tax":0.05}
[2024-10-22 13:43:55.598] {"beforeTrading":false,"player":"05c4104b-4417-49fe-89b7-3ffde2188fef","holding":28183.7428299106}
[2024-10-22 13:43:55.599] {"beforeTrading":false,"player":"ee88153b-92a5-473f-b818-a4ca0cf75c18","holding":40304.676270555094}
[2024-10-22 14:01:50.215] {"beforeTrading":true,"player":"05c4104b-4417-49fe-89b7-3ffde2188fef","holding":28183.7428299106}
[2024-10-22 14:01:50.216] {"beforeTrading":true,"player":"ee88153b-92a5-473f-b818-a4ca0cf75c18","holding":40304.676270555094}
[2024-10-22 14:01:50.253] {"shop":{"world":"world","position":{"x":17925,"y":63,"z":5141,"world":"world"},"moderator":"{\"owner\":\"ee88153b-92a5-473f-b818-a4ca0cf75c18\",\"staffs\":[]}","price":20.0,"item":"item:\n  ==: org.bukkit.inventory.ItemStack\n  v: 3955\n  type: EXPERIENCE_BOTTLE\n","unlimited":0,"shopType":0,"extra":"QuickShop: {}\n","currency":null,"disableDisplay":false,"taxAccount":"2c5f00ba-902c-411b-b9b9-9261cf43aee1"},"type":"SELLING","trader":"05c4104b-4417-49fe-89b7-3ffde2188fef","itemName":"Experience Bottle","itemStack":"item:\n  ==: org.bukkit.inventory.ItemStack\n  v: 3955\n  type: EXPERIENCE_BOTTLE\n","amount":30,"balance":570.0,"tax":0.05}
[2024-10-22 14:01:50.253] {"beforeTrading":false,"player":"05c4104b-4417-49fe-89b7-3ffde2188fef","holding":27583.7428299106}
[2024-10-22 14:01:50.253] {"beforeTrading":false,"player":"ee88153b-92a5-473f-b818-a4ca0cf75c18","holding":40874.676270555094}
[2024-10-22 14:34:31.715] {"beforeTrading":true,"player":"651dda2f-da45-49fe-bdad-856a7eb3db62","holding":20540.564035408806}
[2024-10-22 14:34:31.715] {"beforeTrading":true,"player":"ee88153b-92a5-473f-b818-a4ca0cf75c18","holding":40874.676270555094}
[2024-10-22 14:34:31.736] {"shop":{"world":"world","position":{"x":17925,"y":63,"z":5141,"world":"world"},"moderator":"{\"owner\":\"ee88153b-92a5-473f-b818-a4ca0cf75c18\",\"staffs\":[]}","price":20.0,"item":"item:\n  ==: org.bukkit.inventory.ItemStack\n  v: 3955\n  type: EXPERIENCE_BOTTLE\n","unlimited":0,"shopType":0,"extra":"QuickShop: {}\n","currency":null,"disableDisplay":false,"taxAccount":"2c5f00ba-902c-411b-b9b9-9261cf43aee1"},"type":"SELLING","trader":"651dda2f-da45-49fe-bdad-856a7eb3db62","itemName":"Experience Bottle","itemStack":"item:\n  ==: org.bukkit.inventory.ItemStack\n  v: 3955\n  type: EXPERIENCE_BOTTLE\n","amount":98,"balance":1862.0,"tax":0.05}
[2024-10-22 14:34:31.737] {"beforeTrading":false,"player":"651dda2f-da45-49fe-bdad-856a7eb3db62","holding":18580.564035408806}
[2024-10-22 14:34:31.737] {"beforeTrading":false,"player":"ee88153b-92a5-473f-b818-a4ca0cf75c18","holding":42736.676270555094}
[2024-10-22 14:40:05.015] {"beforeTrading":true,"player":"05c4104b-4417-49fe-89b7-3ffde2188fef","holding":28624.3987299106}
[2024-10-22 14:40:05.016] {"beforeTrading":true,"player":"ee88153b-92a5-473f-b818-a4ca0cf75c18","holding":42736.676270555094}
[2024-10-22 14:40:05.053] {"shop":{"world":"world","position":{"x":17926,"y":63,"z":5139,"world":"world"},"moderator":"{\"owner\":\"ee88153b-92a5-473f-b818-a4ca0cf75c18\",\"staffs\":[]}","price":5.0,"item":"item:\n  ==: org.bukkit.inventory.ItemStack\n  v: 3955\n  type: COOKED_BEEF\n","unlimited":0,"shopType":0,"extra":"QuickShop: {}\n","currency":null,"disableDisplay":false,"taxAccount":"2c5f00ba-902c-411b-b9b9-9261cf43aee1"},"type":"SELLING","trader":"05c4104b-4417-49fe-89b7-3ffde2188fef","itemName":"Cooked Beef","itemStack":"item:\n  ==: org.bukkit.inventory.ItemStack\n  v: 3955\n  type: COOKED_BEEF\n","amount":5,"balance":23.75,"tax":0.05}
[2024-10-22 14:40:05.053] {"beforeTrading":false,"player":"05c4104b-4417-49fe-89b7-3ffde2188fef","holding":28599.3987299106}
[2024-10-22 14:40:05.054] {"beforeTrading":false,"player":"ee88153b-92a5-473f-b818-a4ca0cf75c18","holding":42760.426270555094}
[2024-10-22 14:40:20.415] {"beforeTrading":true,"player":"20563988-ffbf-488e-b2e0-5cd3962bd7f4","holding":1765.414751710832}
[2024-10-22 14:40:20.416] {"beforeTrading":true,"player":"ee88153b-92a5-473f-b818-a4ca0cf75c18","holding":42760.426270555094}
[2024-10-22 14:40:20.455] {"shop":{"world":"world","position":{"x":17928,"y":63,"z":5138,"world":"world"},"moderator":"{\"owner\":\"ee88153b-92a5-473f-b818-a4ca0cf75c18\",\"staffs\":[]}","price":50.0,"item":"item:\n  ==: org.bukkit.inventory.ItemStack\n  v: 3955\n  type: GOLDEN_APPLE\n","unlimited":0,"shopType":0,"extra":"QuickShop: {}\n","currency":null,"disableDisplay":false,"taxAccount":"2c5f00ba-902c-411b-b9b9-9261cf43aee1"},"type":"SELLING","trader":"20563988-ffbf-488e-b2e0-5cd3962bd7f4","itemName":"Golden Apple","itemStack":"item:\n  ==: org.bukkit.inventory.ItemStack\n  v: 3955\n  type: GOLDEN_APPLE\n","amount":4,"balance":190.0,"tax":0.05}
[2024-10-22 14:40:20.455] {"beforeTrading":false,"player":"20563988-ffbf-488e-b2e0-5cd3962bd7f4","holding":1565.414751710832}
[2024-10-22 14:40:20.456] {"beforeTrading":false,"player":"ee88153b-92a5-473f-b818-a4ca0cf75c18","holding":42950.426270555094}
[2024-10-22 19:47:43.551] {"player":"6863f2f4-6cf2-4d02-b685-f4ef50f5183e","reason":"/qs silentremove command","shop":{"world":"world","position":{"x":14985,"y":69,"z":4433,"world":"world"},"moderator":"{\"owner\":\"6863f2f4-6cf2-4d02-b685-f4ef50f5183e\",\"staffs\":[]}","price":3000.0,"item":"item:\n  ==: org.bukkit.inventory.ItemStack\n  v: 3955\n  type: NETHERITE_SCRAP\n","unlimited":0,"shopType":1,"extra":"QuickShop: {}\n","currency":null,"disableDisplay":false,"taxAccount":"2c5f00ba-902c-411b-b9b9-9261cf43aee1"}}
[2024-10-22 19:47:43.551] {"player":"00000000-0000-0000-0000-000000000000","reason":"Shop removed","shop":{"world":"world","position":{"x":14985,"y":69,"z":4433,"world":"world"},"moderator":"{\"owner\":\"6863f2f4-6cf2-4d02-b685-f4ef50f5183e\",\"staffs\":[]}","price":3000.0,"item":"item:\n  ==: org.bukkit.inventory.ItemStack\n  v: 3955\n  type: NETHERITE_SCRAP\n","unlimited":0,"shopType":1,"extra":"QuickShop: {}\n","currency":null,"disableDisplay":false,"taxAccount":"2c5f00ba-902c-411b-b9b9-9261cf43aee1"}}
[2024-10-22 19:47:51.992] {"creator":"6863f2f4-6cf2-4d02-b685-f4ef50f5183e","shop":{"world":"world","position":{"x":14985,"y":69,"z":4433,"world":"world"},"moderator":"{\"owner\":\"6863f2f4-6cf2-4d02-b685-f4ef50f5183e\",\"staffs\":[]}","price":5000.0,"item":"item:\n  ==: org.bukkit.inventory.ItemStack\n  v: 3955\n  type: NETHERITE_INGOT\n","unlimited":0,"shopType":0,"extra":"QuickShop: {}\n","currency":null,"disableDisplay":false,"taxAccount":"2c5f00ba-902c-411b-b9b9-9261cf43aee1"},"location":{"x":14985,"y":69,"z":4433,"world":"world"}}
[2024-10-22 20:46:03.978] {"shop":{"world":"world","position":{"x":14985,"y":69,"z":4433,"world":"world"},"moderator":"{\"owner\":\"6863f2f4-6cf2-4d02-b685-f4ef50f5183e\",\"staffs\":[]}","price":5000.0,"item":"item:\n  ==: org.bukkit.inventory.ItemStack\n  v: 3955\n  type: NETHERITE_INGOT\n","unlimited":0,"shopType":1,"extra":"QuickShop: {}\n","currency":null,"disableDisplay":false,"taxAccount":"2c5f00ba-902c-411b-b9b9-9261cf43aee1"},"oldPrice":5000.0,"newPrice":4000.0}
[2024-10-22 21:28:15.715] {"beforeTrading":true,"player":"cd224e58-5566-4d53-8dcd-390dcfdae47b","holding":668.1289368691978}
[2024-10-22 21:28:15.715] {"beforeTrading":true,"player":"ee88153b-92a5-473f-b818-a4ca0cf75c18","holding":30944.23883255579}
[2024-10-22 21:28:15.722] {"shop":{"world":"world","position":{"x":17928,"y":63,"z":5138,"world":"world"},"moderator":"{\"owner\":\"ee88153b-92a5-473f-b818-a4ca0cf75c18\",\"staffs\":[]}","price":50.0,"item":"item:\n  ==: org.bukkit.inventory.ItemStack\n  v: 3955\n  type: GOLDEN_APPLE\n","unlimited":0,"shopType":0,"extra":"QuickShop: {}\n","currency":null,"disableDisplay":false,"taxAccount":"2c5f00ba-902c-411b-b9b9-9261cf43aee1"},"type":"SELLING","trader":"cd224e58-5566-4d53-8dcd-390dcfdae47b","itemName":"Golden Apple","itemStack":"item:\n  ==: org.bukkit.inventory.ItemStack\n  v: 3955\n  type: GOLDEN_APPLE\n","amount":13,"balance":617.5,"tax":0.05}
[2024-10-22 21:28:15.722] {"beforeTrading":false,"player":"cd224e58-5566-4d53-8dcd-390dcfdae47b","holding":18.128936869197787}
[2024-10-22 21:28:15.722] {"beforeTrading":false,"player":"ee88153b-92a5-473f-b818-a4ca0cf75c18","holding":31561.73883255579}
[2024-10-23 00:06:02.946] {"creator":"ffe41a19-7ea9-4939-a28b-934a1452dbbe","shop":{"world":"world","position":{"x":7601,"y":64,"z":9895,"world":"world"},"moderator":"{\"owner\":\"ffe41a19-7ea9-4939-a28b-934a1452dbbe\",\"staffs\":[]}","price":78.0,"item":"item:\n  ==: org.bukkit.inventory.ItemStack\n  v: 3955\n  type: DIAMOND_HELMET\n  meta:\n    ==: ItemMeta\n    meta-type: ARMOR\n    enchants:\n      minecraft:protection: 3\n","unlimited":0,"shopType":0,"extra":"QuickShop: {}\n","currency":null,"disableDisplay":false,"taxAccount":"2c5f00ba-902c-411b-b9b9-9261cf43aee1"},"location":{"x":7601,"y":64,"z":9895,"world":"world"}}
[2024-10-23 00:06:02.961] {"success":false,"from":"ffe41a19-7ea9-4939-a28b-934a1452dbbe","to":null,"currency":null,"tax":0.0,"taxAccount":"2c5f00ba-902c-411b-b9b9-9261cf43aee1","amount":10.0,"lastError":"From hadn't enough money"}
[2024-10-23 00:06:25.059] {"creator":"ffe41a19-7ea9-4939-a28b-934a1452dbbe","shop":{"world":"world","position":{"x":7601,"y":64,"z":9895,"world":"world"},"moderator":"{\"owner\":\"ffe41a19-7ea9-4939-a28b-934a1452dbbe\",\"staffs\":[]}","price":75.0,"item":"item:\n  ==: org.bukkit.inventory.ItemStack\n  v: 3955\n  type: DIAMOND_HELMET\n  meta:\n    ==: ItemMeta\n    meta-type: ARMOR\n    enchants:\n      minecraft:protection: 3\n","unlimited":0,"shopType":0,"extra":"QuickShop: {}\n","currency":null,"disableDisplay":false,"taxAccount":"2c5f00ba-902c-411b-b9b9-9261cf43aee1"},"location":{"x":7601,"y":64,"z":9895,"world":"world"}}
[2024-10-23 00:06:36.558] {"creator":"ffe41a19-7ea9-4939-a28b-934a1452dbbe","shop":{"world":"world","position":{"x":7604,"y":63,"z":9894,"world":"world"},"moderator":"{\"owner\":\"ffe41a19-7ea9-4939-a28b-934a1452dbbe\",\"staffs\":[]}","price":80.0,"item":"item:\n  ==: org.bukkit.inventory.ItemStack\n  v: 3955\n  type: DIAMOND_CHESTPLATE\n  meta:\n    ==: ItemMeta\n    meta-type: ARMOR\n    enchants:\n      minecraft:protection: 3\n","unlimited":0,"shopType":0,"extra":"QuickShop: {}\n","currency":null,"disableDisplay":false,"taxAccount":"2c5f00ba-902c-411b-b9b9-9261cf43aee1"},"location":{"x":7604,"y":63,"z":9894,"world":"world"}}
[2024-10-23 00:12:00.608] {"creator":"ffe41a19-7ea9-4939-a28b-934a1452dbbe","shop":{"world":"world","position":{"x":7603,"y":64,"z":9895,"world":"world"},"moderator":"{\"owner\":\"ffe41a19-7ea9-4939-a28b-934a1452dbbe\",\"staffs\":[]}","price":70.0,"item":"item:\n  ==: org.bukkit.inventory.ItemStack\n  v: 3955\n  type: DIAMOND_BOOTS\n  meta:\n    ==: ItemMeta\n    meta-type: ARMOR\n    enchants:\n      minecraft:protection: 3\n","unlimited":0,"shopType":0,"extra":"QuickShop: {}\n","currency":null,"disableDisplay":false,"taxAccount":"2c5f00ba-902c-411b-b9b9-9261cf43aee1"},"location":{"x":7603,"y":64,"z":9895,"world":"world"}}
[2024-10-23 00:12:09.810] {"creator":"ffe41a19-7ea9-4939-a28b-934a1452dbbe","shop":{"world":"world","position":{"x":7601,"y":63,"z":9894,"world":"world"},"moderator":"{\"owner\":\"ffe41a19-7ea9-4939-a28b-934a1452dbbe\",\"staffs\":[]}","price":75.0,"item":"item:\n  ==: org.bukkit.inventory.ItemStack\n  v: 3955\n  type: DIAMOND_LEGGINGS\n  meta:\n    ==: ItemMeta\n    meta-type: ARMOR\n    enchants:\n      minecraft:protection: 3\n","unlimited":0,"shopType":0,"extra":"QuickShop: {}\n","currency":null,"disableDisplay":false,"taxAccount":"2c5f00ba-902c-411b-b9b9-9261cf43aee1"},"location":{"x":7601,"y":63,"z":9894,"world":"world"}}
[2024-10-23 00:13:55.508] {"creator":"ffe41a19-7ea9-4939-a28b-934a1452dbbe","shop":{"world":"world","position":{"x":7605,"y":63,"z":9895,"world":"world"},"moderator":"{\"owner\":\"ffe41a19-7ea9-4939-a28b-934a1452dbbe\",\"staffs\":[]}","price":65.0,"item":"item:\n  ==: org.bukkit.inventory.ItemStack\n  v: 3955\n  type: DIAMOND_SWORD\n  meta:\n    ==: ItemMeta\n    meta-type: UNSPECIFIC\n    enchants:\n      minecraft:sharpness: 3\n    Damage: 196\n","unlimited":0,"shopType":0,"extra":"QuickShop: {}\n","currency":null,"disableDisplay":false,"taxAccount":"2c5f00ba-902c-411b-b9b9-9261cf43aee1"},"location":{"x":7605,"y":63,"z":9895,"world":"world"}}
